#
# A fatal error has been detected by the Java Runtime Environment:
#
#  EXCEPTION_ACCESS_VIOLATION (0xc0000005) at pc=0x0000000180003ae0, pid=10060, tid=5696
#
# JRE version: 7.0-b147
# Java VM: Java HotSpot(TM) 64-Bit Server VM (21.0-b17 mixed mode windows-amd64 compressed oops)
# Problematic frame:
# C  0x0000000180003ae0
#
# Failed to write core dump. Minidumps are not enabled by default on client versions of Windows
#
# If you would like to submit a bug report, please visit:
#   http://bugreport.sun.com/bugreport/crash.jsp
# The crash happened outside the Java Virtual Machine in native code.
# See problematic frame for where to report the bug.
#

---------------  T H R E A D  ---------------

Current thread (0x0000000009ebe000):  JavaThread "HIDCommandExecutionQueue.executor pool-2-thread-1" daemon [_thread_in_native, id=5696, stack(0x000000000af00000,0x000000000b000000)]

siginfo: ExceptionCode=0xc0000005, ExceptionInformation=0x0000000000000008 0x0000000180003ae0

Registers:
RAX=0x0000000180003ae0, RBX=0x00000006fd561ff0, RCX=0x0000000009ebe1d0, RDX=0x000000000affecc0
RSP=0x000000000affec38, RBP=0x000000000affecb0, RSI=0x00000000dfaad8a2, RDI=0x00000000029d6213
R8 =0x0000000000000004, R9 =0x0000000009cd1c30, R10=0x00000000029e21bc, R11=0x00000000608ca160
R12=0x0000000000000000, R13=0x00000006fd561ff0, R14=0x000000000affecd8, R15=0x0000000009ebe000
RIP=0x0000000180003ae0, EFLAGS=0x0000000000010202

Top of Stack: (sp=0x000000000affec38)
0x000000000affec38:   00000000029e21e9 000000000749b0c0
0x000000000affec48:   0000000000000000 00000007ac49f388
0x000000000affec58:   0000000002a451c8 000000000749b0b8
0x000000000affec68:   000000000749b070 000000000affec70
0x000000000affec78:   0000000000000000 000000000affecd8
0x000000000affec88:   00000006fd62c798 0000000000000000
0x000000000affec98:   00000006fd561ff0 0000000000000000
0x000000000affeca8:   000000000affecd0 000000000affed28
0x000000000affecb8:   00000000029d6155 00000007abf42310
0x000000000affecc8:   00000000029df017 0000000000000004
0x000000000affecd8:   0000000000000004 00000007ac49f388
0x000000000affece8:   000000000affece8 00000006fd55ee5b
0x000000000affecf8:   000000000affed48 00000006fd62c798
0x000000000affed08:   0000000000000000 00000006fd55eeb8
0x000000000affed18:   000000000affecd0 000000000affed38
0x000000000affed28:   000000000affeda0 00000000029d6038 

Instructions: (pc=0x0000000180003ae0)
0x0000000180003ac0:   
[error occurred during error reporting (printing registers, top of stack, instructions near pc), id 0xc0000005]

Register to memory mapping:

RAX=0x0000000180003ae0 is an unknown value
RBX=0x00000006fd561ff0 is an oop
{method} 
 - klass: {other class}
RCX=0x0000000009ebe1d0 is an unknown value
RDX=0x000000000affecc0 is pointing into the stack for thread: 0x0000000009ebe000
RSP=0x000000000affec38 is pointing into the stack for thread: 0x0000000009ebe000
RBP=0x000000000affecb0 is pointing into the stack for thread: 0x0000000009ebe000
RSI=0x00000000dfaad8a2 is an unknown value
RDI=0x00000000029d6213 is an Interpreter codelet
return entry points  [0x00000000029d5660, 0x00000000029d7460]  7680 bytes
R8 =0x0000000000000004 is an unknown value
R9 =0x0000000009cd1c30 is an unknown value
R10=0x00000000029e21bc is an Interpreter codelet
method entry point (kind = native)  [0x00000000029e1f40, 0x00000000029e27c0]  2176 bytes
R11=0x00000000608ca160 is an unknown value
R12=0x0000000000000000 is an unknown value
R13=0x00000006fd561ff0 is an oop
{method} 
 - klass: {other class}
R14=0x000000000affecd8 is pointing into the stack for thread: 0x0000000009ebe000
R15=0x0000000009ebe000 is a thread


Stack: [0x000000000af00000,0x000000000b000000],  sp=0x000000000affec38,  free space=1019k
Native frames: (J=compiled Java code, j=interpreted, Vv=VM code, C=native code)
C  0x0000000180003ae0
j  com.sun.jna.Memory.<init>(J)V+27
j  com.sun.jna.ptr.ByReference.<init>(I)V+11
j  com.sun.jna.ptr.IntByReference.<init>(I)V+2
j  com.sun.jna.ptr.IntByReference.<init>()V+2
j  edu.cmu.ri.createlab.usb.hid.windows.WindowsHIDDevice.write([B)Ledu/cmu/ri/createlab/usb/hid/HIDWriteStatus;+181
j  edu.cmu.ri.createlab.usb.hid.CreateLabHIDCommandStrategy.execute(Ledu/cmu/ri/createlab/usb/hid/HIDDevice;)Ledu/cmu/ri/createlab/usb/hid/HIDCommandResponse;+15
j  edu.cmu.ri.createlab.usb.hid.CreateLabHIDCommandStrategy.execute(Ljava/lang/Object;)Ledu/cmu/ri/createlab/util/commandexecution/CommandResponse;+5
j  edu.cmu.ri.createlab.usb.hid.HIDCommand.call()Ledu/cmu/ri/createlab/usb/hid/HIDCommandResponse;+8
j  edu.cmu.ri.createlab.usb.hid.HIDCommand.call()Ljava/lang/Object;+1
j  java.util.concurrent.FutureTask$Sync.innerRun()V+29
j  java.util.concurrent.FutureTask.run()V+4
j  java.util.concurrent.ThreadPoolExecutor.runWorker(Ljava/util/concurrent/ThreadPoolExecutor$Worker;)V+46
j  java.util.concurrent.ThreadPoolExecutor$Worker.run()V+5
j  java.lang.Thread.run()V+11
v  ~StubRoutines::call_stub
V  [jvm.dll+0x1a4446]

Java frames: (J=compiled Java code, j=interpreted, Vv=VM code)
j  com.sun.jna.Memory.malloc(J)J+0
j  com.sun.jna.Memory.<init>(J)V+27
j  com.sun.jna.ptr.ByReference.<init>(I)V+11
j  com.sun.jna.ptr.IntByReference.<init>(I)V+2
j  com.sun.jna.ptr.IntByReference.<init>()V+2
j  edu.cmu.ri.createlab.usb.hid.windows.WindowsHIDDevice.write([B)Ledu/cmu/ri/createlab/usb/hid/HIDWriteStatus;+181
j  edu.cmu.ri.createlab.usb.hid.CreateLabHIDCommandStrategy.execute(Ledu/cmu/ri/createlab/usb/hid/HIDDevice;)Ledu/cmu/ri/createlab/usb/hid/HIDCommandResponse;+15
j  edu.cmu.ri.createlab.usb.hid.CreateLabHIDCommandStrategy.execute(Ljava/lang/Object;)Ledu/cmu/ri/createlab/util/commandexecution/CommandResponse;+5
j  edu.cmu.ri.createlab.usb.hid.HIDCommand.call()Ledu/cmu/ri/createlab/usb/hid/HIDCommandResponse;+8
j  edu.cmu.ri.createlab.usb.hid.HIDCommand.call()Ljava/lang/Object;+1
j  java.util.concurrent.FutureTask$Sync.innerRun()V+29
j  java.util.concurrent.FutureTask.run()V+4
j  java.util.concurrent.ThreadPoolExecutor.runWorker(Ljava/util/concurrent/ThreadPoolExecutor$Worker;)V+46
j  java.util.concurrent.ThreadPoolExecutor$Worker.run()V+5
j  java.lang.Thread.run()V+11
v  ~StubRoutines::call_stub

---------------  P R O C E S S  ---------------

Java Threads: ( => current thread )
=>0x0000000009ebe000 JavaThread "HIDCommandExecutionQueue.executor pool-2-thread-1" daemon [_thread_in_native, id=5696, stack(0x000000000af00000,0x000000000b000000)]
  0x0000000009ee9800 JavaThread "BaseHummingbirdProxy.pingExecutorService pool-3-thread-1" daemon [_thread_blocked, id=10108, stack(0x000000000acf0000,0x000000000adf0000)]
  0x0000000008e5f800 JavaThread "BaseCreateLabDeviceConnectivityManager.executorService pool-1-thread-1" daemon [_thread_blocked, id=10236, stack(0x000000000a4c0000,0x000000000a5c0000)]
  0x000000000228c800 JavaThread "DestroyJavaVM" [_thread_blocked, id=1668, stack(0x00000000028d0000,0x00000000029d0000)]
  0x0000000008ce8000 JavaThread "AWT-EventQueue-0" [_thread_blocked, id=9056, stack(0x0000000009b40000,0x0000000009c40000)]
  0x0000000008ccd800 JavaThread "AWT-Shutdown" [_thread_blocked, id=9256, stack(0x00000000091b0000,0x00000000092b0000)]
  0x0000000008cf8800 JavaThread "Java2D Disposer" daemon [_thread_blocked, id=8272, stack(0x0000000008f70000,0x0000000009070000)]
  0x000000000749d000 JavaThread "Service Thread" daemon [_thread_blocked, id=9988, stack(0x0000000008960000,0x0000000008a60000)]
  0x0000000007495800 JavaThread "C2 CompilerThread1" daemon [_thread_blocked, id=8964, stack(0x0000000008820000,0x0000000008920000)]
  0x0000000007480000 JavaThread "C2 CompilerThread0" daemon [_thread_blocked, id=5592, stack(0x00000000085b0000,0x00000000086b0000)]
  0x000000000747f800 JavaThread "Attach Listener" daemon [_thread_blocked, id=9308, stack(0x0000000008230000,0x0000000008330000)]
  0x000000000747e800 JavaThread "Signal Dispatcher" daemon [_thread_blocked, id=9284, stack(0x00000000083a0000,0x00000000084a0000)]
  0x00000000073d3800 JavaThread "Finalizer" daemon [_thread_blocked, id=7148, stack(0x0000000007df0000,0x0000000007ef0000)]
  0x00000000073cb800 JavaThread "Reference Handler" daemon [_thread_blocked, id=7588, stack(0x00000000080b0000,0x00000000081b0000)]

Other Threads:
  0x00000000073c2000 VMThread [stack: 0x0000000007f20000,0x0000000008020000] [id=9944]
  0x00000000074ae000 WatcherThread [stack: 0x0000000008720000,0x0000000008820000] [id=1532]

VM state:not at safepoint (normal execution)

VM Mutex/Monitor currently owned by a thread: None

Heap
 PSYoungGen      total 75904K, used 21360K [0x00000007ab400000, 0x00000007b08b0000, 0x0000000800000000)
  eden space 65088K, 32% used [0x00000007ab400000,0x00000007ac8dc120,0x00000007af390000)
  from space 10816K, 0% used [0x00000007afe20000,0x00000007afe20000,0x00000007b08b0000)
  to   space 10816K, 0% used [0x00000007af390000,0x00000007af390000,0x00000007afe20000)
 PSOldGen        total 173568K, used 0K [0x0000000701c00000, 0x000000070c580000, 0x00000007ab400000)
  object space 173568K, 0% used [0x0000000701c00000,0x0000000701c00000,0x000000070c580000)
 PSPermGen       total 21248K, used 14683K [0x00000006fca00000, 0x00000006fdec0000, 0x0000000701c00000)
  object space 21248K, 69% used [0x00000006fca00000,0x00000006fd856f20,0x00000006fdec0000)

Code Cache  [0x00000000029d0000, 0x0000000002c40000, 0x00000000059d0000)
 total_blobs=509 nmethods=53 adapters=407 free_code_cache=48517Kb largest_free_block=49668096

Dynamic libraries:
0x000000013fa70000 - 0x000000013faa3000 	C:\Program Files\Java\jdk1.7.0\bin\java.exe
0x0000000077ad0000 - 0x0000000077c79000 	C:\Windows\SYSTEM32\ntdll.dll
0x0000000077700000 - 0x000000007781f000 	C:\Windows\system32\kernel32.dll
0x000007fefe250000 - 0x000007fefe2bc000 	C:\Windows\system32\KERNELBASE.dll
0x000007fefe690000 - 0x000007fefe76b000 	C:\Windows\system32\ADVAPI32.dll
0x000007fefe300000 - 0x000007fefe39f000 	C:\Windows\system32\msvcrt.dll
0x000007fefea80000 - 0x000007fefea9f000 	C:\Windows\SYSTEM32\sechost.dll
0x000007fefe4c0000 - 0x000007fefe5ed000 	C:\Windows\system32\RPCRT4.dll
0x0000000077600000 - 0x00000000776fa000 	C:\Windows\system32\USER32.dll
0x000007fefe770000 - 0x000007fefe7d7000 	C:\Windows\system32\GDI32.dll
0x000007fefe3a0000 - 0x000007fefe3ae000 	C:\Windows\system32\LPK.dll
0x000007feffcc0000 - 0x000007feffd89000 	C:\Windows\system32\USP10.dll
0x000007fefd150000 - 0x000007fefd344000 	C:\Windows\WinSxS\amd64_microsoft.windows.common-controls_6595b64144ccf1df_6.0.7601.17514_none_fa396087175ac9ac\COMCTL32.dll
0x000007fefeaa0000 - 0x000007fefeb11000 	C:\Windows\system32\SHLWAPI.dll
0x000007fefe3b0000 - 0x000007fefe3de000 	C:\Windows\system32\IMM32.DLL
0x000007fefebc0000 - 0x000007fefecc9000 	C:\Windows\system32\MSCTF.dll
0x000007fefdef0000 - 0x000007fefdf30000 	C:\Windows\system32\nvinitx.dll
0x000000000f000000 - 0x000000000f006000 	C:\Program Files\NVIDIA Corporation\CoProcManager\_etoured.dll
0x000007fef4450000 - 0x000007fef44a4000 	C:\Program Files\NVIDIA Corporation\CoProcManager\nvd3d9wrapx.dll
0x000007fefecd0000 - 0x000007fefeea7000 	C:\Windows\system32\SETUPAPI.dll
0x000007fefe2c0000 - 0x000007fefe2f6000 	C:\Windows\system32\CFGMGR32.dll
0x000007fefe3e0000 - 0x000007fefe4b7000 	C:\Windows\system32\OLEAUT32.dll
0x000007fefe7e0000 - 0x000007fefe9e3000 	C:\Windows\system32\ole32.dll
0x000007fefdfe0000 - 0x000007fefdffa000 	C:\Windows\system32\DEVOBJ.dll
0x000007fef43c0000 - 0x000007fef4403000 	C:\Program Files\NVIDIA Corporation\CoProcManager\nvdxgiwrapx.dll
0x0000000063dc0000 - 0x0000000063e91000 	C:\Program Files\Java\jdk1.7.0\jre\bin\msvcr100.dll
0x0000000060710000 - 0x0000000060dde000 	C:\Program Files\Java\jdk1.7.0\jre\bin\server\jvm.dll
0x000007fef9840000 - 0x000007fef9849000 	C:\Windows\system32\WSOCK32.dll
0x000007feffd90000 - 0x000007feffddd000 	C:\Windows\system32\WS2_32.dll
0x000007fefea70000 - 0x000007fefea78000 	C:\Windows\system32\NSI.dll
0x000007fefad10000 - 0x000007fefad4b000 	C:\Windows\system32\WINMM.dll
0x0000000077c90000 - 0x0000000077c97000 	C:\Windows\system32\PSAPI.DLL
0x000000006f2c0000 - 0x000000006f2cf000 	C:\Program Files\Java\jdk1.7.0\jre\bin\verify.dll
0x000000006f290000 - 0x000000006f2b8000 	C:\Program Files\Java\jdk1.7.0\jre\bin\java.dll
0x000000006f230000 - 0x000000006f245000 	C:\Program Files\Java\jdk1.7.0\jre\bin\zip.dll
0x0000000063220000 - 0x00000000633b3000 	C:\Program Files\Java\jdk1.7.0\jre\bin\awt.dll
0x000007fefc350000 - 0x000007fefc3a6000 	C:\Windows\system32\uxtheme.dll
0x000007fefc140000 - 0x000007fefc158000 	C:\Windows\system32\dwmapi.dll
0x000007fefde20000 - 0x000007fefde2f000 	C:\Windows\system32\CRYPTBASE.dll
0x000007fefef30000 - 0x000007feffcb8000 	C:\Windows\system32\SHELL32.dll
0x000000006ee90000 - 0x000000006eec4000 	C:\Program Files\Java\jdk1.7.0\jre\bin\fontmanager.dll
0x000000006efb0000 - 0x000000006efc9000 	C:\Program Files\Java\jdk1.7.0\jre\bin\net.dll
0x000007fefd760000 - 0x000007fefd7b5000 	C:\Windows\system32\mswsock.dll
0x000007fefd750000 - 0x000007fefd757000 	C:\Windows\System32\wship6.dll
0x000000006f040000 - 0x000000006f051000 	C:\Program Files\Java\jdk1.7.0\jre\bin\nio.dll
0x000007fefd7c0000 - 0x000007fefd7d7000 	C:\Windows\system32\CRYPTSP.dll
0x000007fefd4c0000 - 0x000007fefd507000 	C:\Windows\system32\rsaenh.dll
0x000007fefccb0000 - 0x000007fefccce000 	C:\Windows\system32\USERENV.dll
0x000007fefdf30000 - 0x000007fefdf3f000 	C:\Windows\system32\profapi.dll
0x000007fefaa40000 - 0x000007fefaa55000 	C:\Windows\system32\NLAapi.dll
0x000007feeebb0000 - 0x000007feeebc5000 	C:\Windows\system32\napinsp.dll
0x000007feee0d0000 - 0x000007feee0e9000 	C:\Windows\system32\pnrpnsp.dll
0x000007fef4970000 - 0x000007fef499e000 	C:\Program Files\Common Files\Microsoft Shared\Windows Live\WLIDNSP.DLL
0x000007fefd5e0000 - 0x000007fefd63b000 	C:\Windows\system32\DNSAPI.dll
0x000007feedf00000 - 0x000007feedf0b000 	C:\Windows\System32\winrnr.dll
0x000007feedef0000 - 0x000007feedf00000 	C:\Windows\system32\wshbth.dll
0x0000000072440000 - 0x0000000072466000 	C:\Program Files\Bonjour\mdnsNSP.dll
0x000007fefa320000 - 0x000007fefa347000 	C:\Windows\system32\Iphlpapi.DLL
0x000007fefa310000 - 0x000007fefa31b000 	C:\Windows\system32\WINNSI.DLL
0x000007fefcb70000 - 0x000007fefcb77000 	C:\Windows\System32\wshtcpip.dll
0x000007fef4a20000 - 0x000007fef4a28000 	C:\Windows\system32\rasadhlp.dll
0x000007fefa1c0000 - 0x000007fefa213000 	C:\Windows\System32\fwpuclnt.dll
0x000007fefc1b0000 - 0x000007fefc1bb000 	C:\Windows\system32\hid.dll
0x000007fefe0a0000 - 0x000007fefe0d9000 	C:\Windows\system32\WINTRUST.dll
0x000000000aa30000 - 0x000000000ab9a000 	C:\Windows\system32\CRYPT32.dll
0x000007fefdfd0000 - 0x000007fefdfdf000 	C:\Windows\system32\MSASN1.dll
0x0000000010000000 - 0x0000000010065000 	C:\Program Files\ThinkPad\Bluetooth Software\btmmhook.dll
0x000000006c7a0000 - 0x000000006c7ca000 	C:\Program Files\Java\jdk1.7.0\jre\bin\dcpr.dll
0x000000006c730000 - 0x000000006c771000 	C:\Program Files\Java\jdk1.7.0\jre\bin\t2k.dll

VM Arguments:
jvm_args: -Dfile.encoding=UTF-8 
java_command: hummingbeans.attentionBot
Launcher Type: SUN_STANDARD

Environment Variables:
CLASSPATH=.;C:\Program Files (x86)\Java\jre6\lib\ext\QTJava.zip
PATH=C:\Python27\Lib\site-packages\PyQt4\bin;C:\PROGRAM FILES\COMMON FILES\MICROSOFT SHARED\WINDOWS LIVE;C:\PROGRAM FILES (X86)\COMMON FILES\MICROSOFT SHARED\WINDOWS LIVE;C:\Windows\SYSTEM32;C:\Windows;C:\Windows\SYSTEM32\WBEM;C:\Windows\SYSTEM32\WINDOWSPOWERSHELL\V1.0\;C:\PROGRAM FILES\THINKPAD\BLUETOOTH SOFTWARE\;C:\PROGRAM FILES\THINKPAD\BLUETOOTH SOFTWARE\SYSWOW64;C:\PROGRAM FILES (X86)\COMMON FILES\LENOVO;C:\PROGRAM FILES (X86)\X-RITE\DEVICES\SERVICES;C:\PROGRAM FILES (X86)\X-RITE\DEVICES\LIB;C:\PROGRAM FILES (X86)\WINDOWS LIVE\SHARED;C:\SWTOOLS\READYAPPS;C:\PROGRAM FILES\INTEL\WIFI\BIN\;C:\PROGRAM FILES\COMMON FILES\INTEL\WIRELESSCOMMON\;C:\PROGRAM FILES (X86)\INTEL\SERVICES\IPT\;C:\Program Files (x86)\Lenovo\Access Connections\;C:\Program Files\MATLAB\R2011a\runtime\win64;C:\Program Files\MATLAB\R2011a\bin;C:\Program Files (x86)\PharosSystems\Core;C:\Python27;C:\Program Files (x86)\QuickTime\QTSystem\;C:\Program Files (x86)\Autodesk\Backburner\;C:\Program Files (x86)\Common Files\Autodesk Shared\;C:\Program Files\Common Files\Autodesk Shared\;C:\Program Files\Intel\WiFi\bin\;C:\Program Files\Common Files\Intel\WirelessCommon\
USERNAME=Dolphin
OS=Windows_NT
PROCESSOR_IDENTIFIER=Intel64 Family 6 Model 42 Stepping 7, GenuineIntel



---------------  S Y S T E M  ---------------

OS: Windows 7 , 64 bit Build 7601 Service Pack 1

CPU:total 8 (4 cores per cpu, 2 threads per core) family 6 model 42 stepping 7, cmov, cx8, fxsr, mmx, sse, sse2, sse3, ssse3, sse4.1, sse4.2, popcnt, ht

Memory: 4k page, physical 16657648k(11506036k free), swap 33313444k(27589532k free)

vm_info: Java HotSpot(TM) 64-Bit Server VM (21.0-b17) for windows-amd64 JRE (1.7.0-b147), built on Jun 27 2011 02:19:45 by "java_re" with unknown MS VC++:1600

time: Wed Nov 21 18:53:51 2012
elapsed time: 4 seconds

